2025-03-14T05:23:44.460924191Z	Cloning repository...
2025-03-14T05:23:45.17908168Z	From https://github.com/meeeeeooooowwwwwww/nz-business-listings
2025-03-14T05:23:45.179480951Z	 * branch            99e6dc4cf6ad0e7490bea11e87efd0123866aba8 -> FETCH_HEAD
2025-03-14T05:23:45.179672347Z	
2025-03-14T05:23:45.223678435Z	HEAD is now at 99e6dc4 Initial commit: Basic Next.js setup with TypeScript and Tailwind CSS
2025-03-14T05:23:45.223825459Z	
2025-03-14T05:23:45.303396709Z	
2025-03-14T05:23:45.30410398Z	Using v2 root directory strategy
2025-03-14T05:23:45.325676422Z	Success: Finished cloning repository files
2025-03-14T05:23:46.998343661Z	Checking for configuration in a Wrangler configuration file (BETA)
2025-03-14T05:23:46.998763183Z	
2025-03-14T05:23:48.100651585Z	No wrangler.toml file found. Continuing.
2025-03-14T05:23:48.179586239Z	Detected the following tools from environment: nodejs@18.19.0, npm@9.6.7
2025-03-14T05:23:48.180012596Z	Installing nodejs 18.19.0
2025-03-14T05:23:49.053705289Z	Trying to update node-build... ok
2025-03-14T05:23:49.15228097Z	To follow progress, use 'tail -f /tmp/node-build.20250314052349.490.log' or pass --verbose
2025-03-14T05:23:49.250726513Z	Downloading node-v18.19.0-linux-x64.tar.gz...
2025-03-14T05:23:49.467115387Z	-> https://nodejs.org/dist/v18.19.0/node-v18.19.0-linux-x64.tar.gz
2025-03-14T05:23:51.158191319Z	
2025-03-14T05:23:51.15837095Z	WARNING: node-v18.19.0-linux-x64 is in LTS Maintenance mode and nearing its end of life.
2025-03-14T05:23:51.158492155Z	It only receives *critical* security updates, *critical* bug fixes and documentation updates.
2025-03-14T05:23:51.158651449Z	
2025-03-14T05:23:51.158794266Z	Installing node-v18.19.0-linux-x64...
2025-03-14T05:23:51.550586024Z	Installed node-v18.19.0-linux-x64 to /opt/buildhome/.asdf/installs/nodejs/18.19.0
2025-03-14T05:23:51.550782228Z	
2025-03-14T05:23:52.543324478Z	Installing project dependencies: npm clean-install --progress=false
2025-03-14T05:24:01.405554119Z	
2025-03-14T05:24:01.405906631Z	added 49 packages, and audited 50 packages in 8s
2025-03-14T05:24:01.405937621Z	
2025-03-14T05:24:01.4061156Z	13 packages are looking for funding
2025-03-14T05:24:01.406318781Z	  run `npm fund` for details
2025-03-14T05:24:01.407187811Z	
2025-03-14T05:24:01.407639779Z	found 0 vulnerabilities
2025-03-14T05:24:01.421547843Z	Executing user command: npx @cloudflare/next-on-pages@1
2025-03-14T05:24:02.656210999Z	npm WARN exec The following package was not found and will be installed: @cloudflare/next-on-pages@1.13.10
2025-03-14T05:24:10.495870996Z	npm WARN deprecated inflight@1.0.6: This module is not supported, and leaks memory. Do not use it. Check out lru-cache if you want a good and tested way to coalesce async requests by a key value, which is much more comprehensive and powerful.
2025-03-14T05:24:10.689746242Z	npm WARN deprecated glob@7.2.3: Glob versions prior to v9 are no longer supported
2025-03-14T05:24:10.98249816Z	npm WARN deprecated uuid@3.3.2: Please upgrade  to version 7 or higher.  Older versions may use Math.random() in certain circumstances, which is known to be problematic.  See https://v8.dev/blog/math-random for details.
2025-03-14T05:24:15.695255994Z	⚡️ @cloudflare/next-on-pages CLI v.1.13.10
2025-03-14T05:24:16.067226814Z	⚡️ Detected Package Manager: npm (10.2.3)
2025-03-14T05:24:16.067419014Z	⚡️ Preparing project...
2025-03-14T05:24:16.070275947Z	⚡️ Project is ready
2025-03-14T05:24:16.070486718Z	⚡️ Building project...
2025-03-14T05:24:17.002736972Z	▲  npm WARN exec The following package was not found and will be installed: vercel@41.4.1
2025-03-14T05:24:19.223156862Z	▲  npm
2025-03-14T05:24:19.223345223Z	▲  WARN deprecated inflight@1.0.6: This module is not supported, and leaks memory. Do not use it. Check out lru-cache if you want a good and tested way to coalesce async requests by a key value, which is much more comprehensive and powerful.
2025-03-14T05:24:19.483145888Z	▲  npm WARN deprecated glob@7.2.3: Glob versions prior to v9 are no longer supported
2025-03-14T05:24:19.763749868Z	▲  npm
2025-03-14T05:24:19.764449578Z	▲  WARN deprecated uuid@3.3.2: Please upgrade  to version 7 or higher.  Older versions may use Math.random() in certain circumstances, which is known to be problematic.  See https://v8.dev/blog/math-random for details.
2025-03-14T05:24:21.141347142Z	▲  Vercel CLI 41.4.1
2025-03-14T05:24:21.149515759Z	▲  > NOTE: The Vercel CLI now collects telemetry regarding usage of the CLI.
2025-03-14T05:24:21.149716849Z	▲  > This information is used to shape the CLI roadmap and prioritize features.
2025-03-14T05:24:21.15017232Z	▲  > You can learn more, including how to opt-out if you'd not like to participate in this program, by visiting the following URL:
2025-03-14T05:24:21.150189929Z	▲  > https://vercel.com/docs/cli/about-telemetry
2025-03-14T05:24:21.406814068Z	▲  Installing dependencies...
2025-03-14T05:24:22.25669875Z	▲  up to date in 512ms
2025-03-14T05:24:22.256845422Z	▲  13 packages are looking for funding
2025-03-14T05:24:22.257023453Z	▲  run `npm fund` for details
2025-03-14T05:24:22.264796731Z	▲  Detected Next.js version: 15.2.2
2025-03-14T05:24:22.268698792Z	▲  Running "npm run build"
2025-03-14T05:24:22.69192126Z	▲  > business-nataliegwinters@1.0.0 build
2025-03-14T05:24:22.692032069Z	▲  > next build
2025-03-14T05:24:23.408081646Z	▲  Attention: Next.js now collects completely anonymous telemetry regarding usage.
2025-03-14T05:24:23.408718347Z	▲  This information is used to shape Next.js' roadmap and prioritize features.
2025-03-14T05:24:23.40874811Z	▲  You can learn more, including how to opt-out if you'd not like to participate in this anonymous program, by visiting the following URL:
2025-03-14T05:24:23.408964783Z	▲  https://nextjs.org/telemetry
2025-03-14T05:24:23.511678837Z	▲  ▲ Next.js 15.2.2
2025-03-14T05:24:23.51183722Z	▲  
2025-03-14T05:24:23.524367014Z	▲  Creating an optimized production build ...
2025-03-14T05:24:30.464783023Z	▲  Failed to compile.
2025-03-14T05:24:30.465300049Z	▲  ./src/app/globals.css.webpack[javascript/auto]!=!./node_modules/next/dist/build/webpack/loaders/css-loader/src/index.js??ruleSet[1].rules[13].oneOf[10].use[2]!./node_modules/next/dist/build/webpack/loaders/postcss-loader/src/index.js??ruleSet[1].rules[13].oneOf[10].use[3]!./src/app/globals.css
2025-03-14T05:24:30.465435532Z	▲  Error: It looks like you're trying to use `tailwindcss` directly as a PostCSS plugin. The PostCSS plugin has moved to a separate package, so to continue using Tailwind CSS with PostCSS you'll need to install `@tailwindcss/postcss` and update your PostCSS configuration.
2025-03-14T05:24:30.465657849Z	▲  at Re (/opt/buildhome/repo/node_modules/tailwindcss/dist/lib.js:33:1889)
2025-03-14T05:24:30.465898586Z	▲  at LazyResult.runOnRoot (/opt/buildhome/repo/node_modules/next/node_modules/postcss/lib/lazy-result.js:329:16)
2025-03-14T05:24:30.466109272Z	▲  at LazyResult.runAsync (/opt/buildhome/repo/node_modules/next/node_modules/postcss/lib/lazy-result.js:258:26)
2025-03-14T05:24:30.466135536Z	▲  at LazyResult.async (/opt/buildhome/repo/node_modules/next/node_modules/postcss/lib/lazy-result.js:160:30)
2025-03-14T05:24:30.4664666Z	▲  at LazyResult.then (/opt/buildhome/repo/node_modules/next/node_modules/postcss/lib/lazy-result.js:404:17)
2025-03-14T05:24:30.466769716Z	▲  
2025-03-14T05:24:30.466824032Z	▲  Import trace for requested module:
2025-03-14T05:24:30.467028534Z	▲  ./src/app/globals.css.webpack[javascript/auto]!=!./node_modules/next/dist/build/webpack/loaders/css-loader/src/index.js??ruleSet[1].rules[13].oneOf[10].use[2]!./node_modules/next/dist/build/webpack/loaders/postcss-loader/src/index.js??ruleSet[1].rules[13].oneOf[10].use[3]!./src/app/globals.css
2025-03-14T05:24:30.467164276Z	▲  ./src/app/globals.css
2025-03-14T05:24:30.467373735Z	▲  
2025-03-14T05:24:30.467394278Z	▲  ./src/app/globals.css
2025-03-14T05:24:30.467644982Z	▲  Error: It looks like you're trying to use `tailwindcss` directly as a PostCSS plugin. The PostCSS plugin has moved to a separate package, so to continue using Tailwind CSS with PostCSS you'll need to install `@tailwindcss/postcss` and update your PostCSS configuration.
2025-03-14T05:24:30.467685352Z	▲  at Re (/opt/buildhome/repo/node_modules/tailwindcss/dist/lib.js:33:1889)
2025-03-14T05:24:30.467880211Z	▲  at LazyResult.runOnRoot (/opt/buildhome/repo/node_modules/next/node_modules/postcss/lib/lazy-result.js:329:16)
2025-03-14T05:24:30.467926762Z	▲  at LazyResult.runAsync (/opt/buildhome/repo/node_modules/next/node_modules/postcss/lib/lazy-result.js:258:26)
2025-03-14T05:24:30.468046006Z	▲  at LazyResult.async (/opt/buildhome/repo/node_modules/next/node_modules/postcss/lib/lazy-result.js:160:30)
2025-03-14T05:24:30.468349695Z	▲  at LazyResult.then (/opt/buildhome/repo/node_modules/next/node_modules/postcss/lib/lazy-result.js:404:17)
2025-03-14T05:24:30.468423929Z	▲  at tryRunOrWebpackError (/opt/buildhome/repo/node_modules/next/dist/compiled/webpack/bundle5.js:29:316142)
2025-03-14T05:24:30.468576098Z	▲  at __webpack_require_module__ (/opt/buildhome/repo/node_modules/next/dist/compiled/webpack/bundle5.js:29:131548)
2025-03-14T05:24:30.468700111Z	▲  at __nested_webpack_require_161494__ (/opt/buildhome/repo/node_modules/next/dist/compiled/webpack/bundle5.js:29:130983)
2025-03-14T05:24:30.468825826Z	▲  at /opt/buildhome/repo/node_modules/next/dist/compiled/webpack/bundle5.js:29:131840
2025-03-14T05:24:30.468975655Z	▲  at symbolIterator (/opt/buildhome/repo/node_modules/next/dist/compiled/neo-async/async.js:1:14444)
2025-03-14T05:24:30.46905929Z	▲  at done (/opt/buildhome/repo/node_modules/next/dist/compiled/neo-async/async.js:1:14824)
2025-03-14T05:24:30.469210472Z	▲  at Hook.eval [as callAsync] (eval at create (/opt/buildhome/repo/node_modules/next/dist/compiled/webpack/bundle5.js:14:9224), <anonymous>:15:1)
2025-03-14T05:24:30.469332314Z	▲  at Hook.CALL_ASYNC_DELEGATE [as _callAsync] (/opt/buildhome/repo/node_modules/next/dist/compiled/webpack/bundle5.js:14:6378)
2025-03-14T05:24:30.469455432Z	▲  at /opt/buildhome/repo/node_modules/next/dist/compiled/webpack/bundle5.js:29:130703
2025-03-14T05:24:30.46957931Z	▲  at symbolIterator (/opt/buildhome/repo/node_modules/next/dist/compiled/neo-async/async.js:1:14402)
2025-03-14T05:24:30.469721204Z	▲  -- inner error --
2025-03-14T05:24:30.469849644Z	▲  Error: It looks like you're trying to use `tailwindcss` directly as a PostCSS plugin. The PostCSS plugin has moved to a separate package, so to continue using Tailwind CSS with PostCSS you'll need to install `@tailwindcss/postcss` and update your PostCSS configuration.
2025-03-14T05:24:30.470080449Z	▲  at Re (/opt/buildhome/repo/node_modules/tailwindcss/dist/lib.js:33:1889)
2025-03-14T05:24:30.470218049Z	▲  at LazyResult.runOnRoot (/opt/buildhome/repo/node_modules/next/node_modules/postcss/lib/lazy-result.js:329:16)
2025-03-14T05:24:30.470343229Z	▲  at LazyResult.runAsync (/opt/buildhome/repo/node_modules/next/node_modules/postcss/lib/lazy-result.js:258:26)
2025-03-14T05:24:30.470480598Z	▲  at LazyResult.async (/opt/buildhome/repo/node_modules/next/node_modules/postcss/lib/lazy-result.js:160:30)
2025-03-14T05:24:30.470594038Z	▲  at LazyResult.then (/opt/buildhome/repo/node_modules/next/node_modules/postcss/lib/lazy-result.js:404:17)
2025-03-14T05:24:30.47074724Z	▲  at Object.<anonymous> (/opt/buildhome/repo/node_modules/next/dist/build/webpack/loaders/css-loader/src/index.js??ruleSet[1].rules[13].oneOf[10].use[2]!/opt/buildhome/repo/node_modules/next/dist/build/webpack/loaders/postcss-loader/src/index.js??ruleSet[1].rules[13].oneOf[10].use[3]!/opt/buildhome/repo/src/app/globals.css:1:7)
2025-03-14T05:24:30.470876503Z	▲  at /opt/buildhome/repo/node_modules/next/dist/compiled/webpack/bundle5.js:29:962742
2025-03-14T05:24:30.471063674Z	▲  at Hook.eval [as call] (eval at create (/opt/buildhome/repo/node_modules/next/dist/compiled/webpack/bundle5.js:14:9002), <anonymous>:7:1)
2025-03-14T05:24:30.471323576Z	▲  at Hook.CALL_DELEGATE [as _call] (/opt/buildhome/repo/node_modules/next/dist/compiled/webpack/bundle5.js:14:6272)
2025-03-14T05:24:30.471340668Z	▲  at /opt/buildhome/repo/node_modules/next/dist/compiled/webpack/bundle5.js:29:131581
2025-03-14T05:24:30.471353844Z	▲  at tryRunOrWebpackError (/opt/buildhome/repo/node_modules/next/dist/compiled/webpack/bundle5.js:29:316096)
2025-03-14T05:24:30.471457488Z	▲  at __webpack_require_module__ (/opt/buildhome/repo/node_modules/next/dist/compiled/webpack/bundle5.js:29:131548)
2025-03-14T05:24:30.471550998Z	▲  at __nested_webpack_require_161494__ (/opt/buildhome/repo/node_modules/next/dist/compiled/webpack/bundle5.js:29:130983)
2025-03-14T05:24:30.471679421Z	▲  at /opt/buildhome/repo/node_modules/next/dist/compiled/webpack/bundle5.js:29:131840
2025-03-14T05:24:30.471752496Z	▲  at symbolIterator (/opt/buildhome/repo/node_modules/next/dist/compiled/neo-async/async.js:1:14444)
2025-03-14T05:24:30.47188543Z	▲  
2025-03-14T05:24:30.472062059Z	▲  Generated code for /opt/buildhome/repo/node_modules/next/dist/build/webpack/loaders/css-loader/src/index.js??ruleSet[1].rules[13].oneOf[10].use[2]!/opt/buildhome/repo/node_modules/next/dist/build/webpack/loaders/postcss-loader/src/index.js??ruleSet[1].rules[13].oneOf[10].use[3]!/opt/buildhome/repo/src/app/globals.css
2025-03-14T05:24:30.472420628Z	▲  
2025-03-14T05:24:30.472618763Z	▲  Import trace for requested module:
2025-03-14T05:24:30.472673818Z	▲  ./src/app/globals.css
2025-03-14T05:24:30.490067406Z	▲  
2025-03-14T05:24:30.490207743Z	▲  > Build failed because of webpack errors
2025-03-14T05:24:30.527111991Z	▲  Error: Command "npm run build" exited with 1
2025-03-14T05:24:30.679711169Z	
2025-03-14T05:24:30.679863343Z	⚡️ The Vercel build (`npx vercel build`) command failed. For more details see the Vercel logs above.
2025-03-14T05:24:30.680174506Z	⚡️ If you need help solving the issue, refer to the Vercel or Next.js documentation or their repositories.
2025-03-14T05:24:30.680195936Z	
2025-03-14T05:24:30.724774837Z	Failed: Error while executing user command. Exited with error code: 1
2025-03-14T05:24:30.736023166Z	Failed: build command exited with code: 1
2025-03-14T05:24:31.75572Z	Failed: error occurred while running build command